Using GPU
Args in experiment:
[1mBasic Config[0m
  Task Name:          long_term_forecast  Is Training:        1                   
  Model ID:           NHiTS               Model:              NHiTS               

[1mData Loader[0m
  Data:               ETTm2               Root Path:          /shared/s2/lab01/timeSeries/forecasting/base/ETT-small/
  Data Path:          ETTm2.csv           Features:           M                   
  Target:             OT                  Freq:               h                   
  Checkpoints:        ./checkpoints/      

[1mForecasting Task[0m
  Seq Len:            480                 Label Len:          0                   
  Pred Len:           96                  Seasonal Patterns:  Monthly             
  Inverse:            0                   

[1mModel Parameters[0m
  Top k:              5                   Num Kernels:        6                   
  Enc In:             7                   Dec In:             7                   
  C Out:              7                   d model:            512                 
  n heads:            8                   e layers:           2                   
  d layers:           1                   d FF:               2048                
  Moving Avg:         25                  Factor:             1                   
  Distil:             1                   Dropout:            0.1                 
  Embed:              timeF               Activation:         ReLU                

[1mRun Parameters[0m
  Num Workers:        10                  Itr:                1                   
  Train Epochs:       20                  Batch Size:         256                 
  Patience:           3                   Learning Rate:      0.001               
  Des:                test                Loss:               MAE                 
  Lradj:              type1               Use Amp:            0                   

[1mGPU[0m
  Use GPU:            1                   GPU:                0                   
  Use Multi GPU:      0                   Devices:            0,1,2,3             

[1mDe-stationary Projector Params[0m
  P Hidden Dims:      128, 128            P Hidden Layers:    2                   

Use GPU: cuda:0
>>>>>>>start training : long_term_forecast_NHiTS_NHiTS_ETTm2_ftM_sl480_ll0_pl96_dm512_nh8_el2_dl1_df2048_expand2_dc4_fc1_ebtimeF_dtTrue_test_0>>>>>>>>>>>>>>>>>>>>>>>>>>
train 33985
val 11425
test 11425
Traceback (most recent call last):
  File "/home/s2/jinmyeongchoi/nhits-tsl/run.py", line 234, in <module>
    exp.train(setting)
  File "/home/s2/jinmyeongchoi/nhits-tsl/exp/exp_long_term_forecasting.py", line 125, in train
    outputs = self.model(batch_x, batch_x_mark, dec_inp, batch_y_mark)
              ^^^^^^^^^^^^^^^^^^^^^^^^^^^^^^^^^^^^^^^^^^^^^^^^^^^^^^^^
  File "/home/s2/jinmyeongchoi/nhits-tinkering/.venv/lib/python3.11/site-packages/torch/nn/modules/module.py", line 1775, in _wrapped_call_impl
    return self._call_impl(*args, **kwargs)
           ^^^^^^^^^^^^^^^^^^^^^^^^^^^^^^^^
  File "/home/s2/jinmyeongchoi/nhits-tinkering/.venv/lib/python3.11/site-packages/torch/nn/modules/module.py", line 1786, in _call_impl
    return forward_call(*args, **kwargs)
           ^^^^^^^^^^^^^^^^^^^^^^^^^^^^^
  File "/home/s2/jinmyeongchoi/nhits-tsl/models/NHiTS.py", line 252, in forward
    assert L == self.n_time_in, f"seq_len mismatch: got {L}, expected {self.n_time_in}"
                ^^^^^^^^^^^^^^
  File "/home/s2/jinmyeongchoi/nhits-tinkering/.venv/lib/python3.11/site-packages/torch/nn/modules/module.py", line 1964, in __getattr__
    raise AttributeError(
AttributeError: 'Model' object has no attribute 'n_time_in'
Using GPU
Args in experiment:
[1mBasic Config[0m
  Task Name:          long_term_forecast  Is Training:        1                   
  Model ID:           NHiTS               Model:              NHiTS               

[1mData Loader[0m
  Data:               ETTm2               Root Path:          /shared/s2/lab01/timeSeries/forecasting/base/ETT-small/
  Data Path:          ETTm2.csv           Features:           M                   
  Target:             OT                  Freq:               h                   
  Checkpoints:        ./checkpoints/      

[1mForecasting Task[0m
  Seq Len:            960                 Label Len:          0                   
  Pred Len:           192                 Seasonal Patterns:  Monthly             
  Inverse:            0                   

[1mModel Parameters[0m
  Top k:              5                   Num Kernels:        6                   
  Enc In:             7                   Dec In:             7                   
  C Out:              7                   d model:            512                 
  n heads:            8                   e layers:           2                   
  d layers:           1                   d FF:               2048                
  Moving Avg:         25                  Factor:             1                   
  Distil:             1                   Dropout:            0.1                 
  Embed:              timeF               Activation:         ReLU                

[1mRun Parameters[0m
  Num Workers:        10                  Itr:                1                   
  Train Epochs:       20                  Batch Size:         256                 
  Patience:           3                   Learning Rate:      0.001               
  Des:                test                Loss:               MAE                 
  Lradj:              type1               Use Amp:            0                   

[1mGPU[0m
  Use GPU:            1                   GPU:                0                   
  Use Multi GPU:      0                   Devices:            0,1,2,3             

[1mDe-stationary Projector Params[0m
  P Hidden Dims:      128, 128            P Hidden Layers:    2                   

Use GPU: cuda:0
>>>>>>>start training : long_term_forecast_NHiTS_NHiTS_ETTm2_ftM_sl960_ll0_pl192_dm512_nh8_el2_dl1_df2048_expand2_dc4_fc1_ebtimeF_dtTrue_test_0>>>>>>>>>>>>>>>>>>>>>>>>>>
train 33409
val 11329
test 11329
Traceback (most recent call last):
  File "/home/s2/jinmyeongchoi/nhits-tsl/run.py", line 234, in <module>
    exp.train(setting)
  File "/home/s2/jinmyeongchoi/nhits-tsl/exp/exp_long_term_forecasting.py", line 125, in train
    outputs = self.model(batch_x, batch_x_mark, dec_inp, batch_y_mark)
              ^^^^^^^^^^^^^^^^^^^^^^^^^^^^^^^^^^^^^^^^^^^^^^^^^^^^^^^^
  File "/home/s2/jinmyeongchoi/nhits-tinkering/.venv/lib/python3.11/site-packages/torch/nn/modules/module.py", line 1775, in _wrapped_call_impl
    return self._call_impl(*args, **kwargs)
           ^^^^^^^^^^^^^^^^^^^^^^^^^^^^^^^^
  File "/home/s2/jinmyeongchoi/nhits-tinkering/.venv/lib/python3.11/site-packages/torch/nn/modules/module.py", line 1786, in _call_impl
    return forward_call(*args, **kwargs)
           ^^^^^^^^^^^^^^^^^^^^^^^^^^^^^
  File "/home/s2/jinmyeongchoi/nhits-tsl/models/NHiTS.py", line 252, in forward
    assert L == self.n_time_in, f"seq_len mismatch: got {L}, expected {self.n_time_in}"
                ^^^^^^^^^^^^^^
  File "/home/s2/jinmyeongchoi/nhits-tinkering/.venv/lib/python3.11/site-packages/torch/nn/modules/module.py", line 1964, in __getattr__
    raise AttributeError(
AttributeError: 'Model' object has no attribute 'n_time_in'
Using GPU
Args in experiment:
[1mBasic Config[0m
  Task Name:          long_term_forecast  Is Training:        1                   
  Model ID:           NHiTS               Model:              NHiTS               

[1mData Loader[0m
  Data:               ETTm2               Root Path:          /shared/s2/lab01/timeSeries/forecasting/base/ETT-small/
  Data Path:          ETTm2.csv           Features:           M                   
  Target:             OT                  Freq:               h                   
  Checkpoints:        ./checkpoints/      

[1mForecasting Task[0m
  Seq Len:            1680                Label Len:          0                   
  Pred Len:           336                 Seasonal Patterns:  Monthly             
  Inverse:            0                   

[1mModel Parameters[0m
  Top k:              5                   Num Kernels:        6                   
  Enc In:             7                   Dec In:             7                   
  C Out:              7                   d model:            512                 
  n heads:            8                   e layers:           2                   
  d layers:           1                   d FF:               2048                
  Moving Avg:         25                  Factor:             1                   
  Distil:             1                   Dropout:            0.1                 
  Embed:              timeF               Activation:         ReLU                

[1mRun Parameters[0m
  Num Workers:        10                  Itr:                1                   
  Train Epochs:       20                  Batch Size:         256                 
  Patience:           3                   Learning Rate:      0.001               
  Des:                test                Loss:               MAE                 
  Lradj:              type1               Use Amp:            0                   

[1mGPU[0m
  Use GPU:            1                   GPU:                0                   
  Use Multi GPU:      0                   Devices:            0,1,2,3             

[1mDe-stationary Projector Params[0m
  P Hidden Dims:      128, 128            P Hidden Layers:    2                   

Use GPU: cuda:0
>>>>>>>start training : long_term_forecast_NHiTS_NHiTS_ETTm2_ftM_sl1680_ll0_pl336_dm512_nh8_el2_dl1_df2048_expand2_dc4_fc1_ebtimeF_dtTrue_test_0>>>>>>>>>>>>>>>>>>>>>>>>>>
train 32545
val 11185
test 11185
Traceback (most recent call last):
  File "/home/s2/jinmyeongchoi/nhits-tsl/run.py", line 234, in <module>
    exp.train(setting)
  File "/home/s2/jinmyeongchoi/nhits-tsl/exp/exp_long_term_forecasting.py", line 125, in train
    outputs = self.model(batch_x, batch_x_mark, dec_inp, batch_y_mark)
              ^^^^^^^^^^^^^^^^^^^^^^^^^^^^^^^^^^^^^^^^^^^^^^^^^^^^^^^^
  File "/home/s2/jinmyeongchoi/nhits-tinkering/.venv/lib/python3.11/site-packages/torch/nn/modules/module.py", line 1775, in _wrapped_call_impl
    return self._call_impl(*args, **kwargs)
           ^^^^^^^^^^^^^^^^^^^^^^^^^^^^^^^^
  File "/home/s2/jinmyeongchoi/nhits-tinkering/.venv/lib/python3.11/site-packages/torch/nn/modules/module.py", line 1786, in _call_impl
    return forward_call(*args, **kwargs)
           ^^^^^^^^^^^^^^^^^^^^^^^^^^^^^
  File "/home/s2/jinmyeongchoi/nhits-tsl/models/NHiTS.py", line 252, in forward
    assert L == self.n_time_in, f"seq_len mismatch: got {L}, expected {self.n_time_in}"
                ^^^^^^^^^^^^^^
  File "/home/s2/jinmyeongchoi/nhits-tinkering/.venv/lib/python3.11/site-packages/torch/nn/modules/module.py", line 1964, in __getattr__
    raise AttributeError(
AttributeError: 'Model' object has no attribute 'n_time_in'
Using GPU
Args in experiment:
[1mBasic Config[0m
  Task Name:          long_term_forecast  Is Training:        1                   
  Model ID:           NHiTS               Model:              NHiTS               

[1mData Loader[0m
  Data:               ETTm2               Root Path:          /shared/s2/lab01/timeSeries/forecasting/base/ETT-small/
  Data Path:          ETTm2.csv           Features:           M                   
  Target:             OT                  Freq:               h                   
  Checkpoints:        ./checkpoints/      

[1mForecasting Task[0m
  Seq Len:            3600                Label Len:          0                   
  Pred Len:           720                 Seasonal Patterns:  Monthly             
  Inverse:            0                   

[1mModel Parameters[0m
  Top k:              5                   Num Kernels:        6                   
  Enc In:             7                   Dec In:             7                   
  C Out:              7                   d model:            512                 
  n heads:            8                   e layers:           2                   
  d layers:           1                   d FF:               2048                
  Moving Avg:         25                  Factor:             1                   
  Distil:             1                   Dropout:            0.1                 
  Embed:              timeF               Activation:         ReLU                

[1mRun Parameters[0m
  Num Workers:        10                  Itr:                1                   
  Train Epochs:       20                  Batch Size:         256                 
  Patience:           3                   Learning Rate:      0.001               
  Des:                test                Loss:               MAE                 
  Lradj:              type1               Use Amp:            0                   

[1mGPU[0m
  Use GPU:            1                   GPU:                0                   
  Use Multi GPU:      0                   Devices:            0,1,2,3             

[1mDe-stationary Projector Params[0m
  P Hidden Dims:      128, 128            P Hidden Layers:    2                   

Use GPU: cuda:0
>>>>>>>start training : long_term_forecast_NHiTS_NHiTS_ETTm2_ftM_sl3600_ll0_pl720_dm512_nh8_el2_dl1_df2048_expand2_dc4_fc1_ebtimeF_dtTrue_test_0>>>>>>>>>>>>>>>>>>>>>>>>>>
train 30241
val 10801
test 10801
Traceback (most recent call last):
  File "/home/s2/jinmyeongchoi/nhits-tsl/run.py", line 234, in <module>
    exp.train(setting)
  File "/home/s2/jinmyeongchoi/nhits-tsl/exp/exp_long_term_forecasting.py", line 125, in train
    outputs = self.model(batch_x, batch_x_mark, dec_inp, batch_y_mark)
              ^^^^^^^^^^^^^^^^^^^^^^^^^^^^^^^^^^^^^^^^^^^^^^^^^^^^^^^^
  File "/home/s2/jinmyeongchoi/nhits-tinkering/.venv/lib/python3.11/site-packages/torch/nn/modules/module.py", line 1775, in _wrapped_call_impl
    return self._call_impl(*args, **kwargs)
           ^^^^^^^^^^^^^^^^^^^^^^^^^^^^^^^^
  File "/home/s2/jinmyeongchoi/nhits-tinkering/.venv/lib/python3.11/site-packages/torch/nn/modules/module.py", line 1786, in _call_impl
    return forward_call(*args, **kwargs)
           ^^^^^^^^^^^^^^^^^^^^^^^^^^^^^
  File "/home/s2/jinmyeongchoi/nhits-tsl/models/NHiTS.py", line 268, in forward
    forecast = forecast_bc.view(B, C, self.n_time_out).transpose(1, 2)               # (B, H, C)
                                      ^^^^^^^^^^^^^^^
  File "/home/s2/jinmyeongchoi/nhits-tinkering/.venv/lib/python3.11/site-packages/torch/nn/modules/module.py", line 1964, in __getattr__
    raise AttributeError(
AttributeError: 'Model' object has no attribute 'n_time_out'
