Using GPU
Args in experiment:
[1mBasic Config[0m
  Task Name:          long_term_forecast  Is Training:        1                   
  Model ID:           NHiTS               Model:              NHiTS               

[1mData Loader[0m
  Data:               custom              Root Path:          /shared/s2/lab01/timeSeries/forecasting/base/exchange_rate/
  Data Path:          exchange_rate.csv   Features:           S                   
  Target:             OT                  Freq:               h                   
  Checkpoints:        ./checkpoints/      

[1mForecasting Task[0m
  Seq Len:            480                 Label Len:          0                   
  Pred Len:           96                  Seasonal Patterns:  Monthly             
  Inverse:            0                   

[1mModel Parameters[0m
  Top k:              5                   Num Kernels:        6                   
  Enc In:             7                   Dec In:             7                   
  C Out:              7                   d model:            512                 
  n heads:            8                   e layers:           2                   
  d layers:           1                   d FF:               2048                
  Moving Avg:         25                  Factor:             1                   
  Distil:             1                   Dropout:            0.1                 
  Embed:              timeF               Activation:         ReLU                

[1mRun Parameters[0m
  Num Workers:        10                  Itr:                1                   
  Train Epochs:       20                  Batch Size:         256                 
  Patience:           3                   Learning Rate:      0.001               
  Des:                test                Loss:               MAE                 
  Lradj:              type1               Use Amp:            0                   

[1mGPU[0m
  Use GPU:            1                   GPU:                0                   
  Use Multi GPU:      0                   Devices:            0,1,2,3             

[1mDe-stationary Projector Params[0m
  P Hidden Dims:      128, 128            P Hidden Layers:    2                   

Use GPU: cuda:0
>>>>>>>start training : long_term_forecast_NHiTS_NHiTS_custom_ftS_sl480_ll0_pl96_dm512_nh8_el2_dl1_df2048_expand2_dc4_fc1_ebtimeF_dtTrue_test_0>>>>>>>>>>>>>>>>>>>>>>>>>>
Traceback (most recent call last):
  File "/home/s2/jinmyeongchoi/nhits-tsl/run.py", line 234, in <module>
    exp.train(setting)
  File "/home/s2/jinmyeongchoi/nhits-tsl/exp/exp_long_term_forecasting.py", line 77, in train
    train_data, train_loader = self._get_data(flag='train')
                               ^^^^^^^^^^^^^^^^^^^^^^^^^^^^
  File "/home/s2/jinmyeongchoi/nhits-tsl/exp/exp_long_term_forecasting.py", line 30, in _get_data
    data_set, data_loader = data_provider(self.args, flag)
                            ^^^^^^^^^^^^^^^^^^^^^^^^^^^^^^
  File "/home/s2/jinmyeongchoi/nhits-tsl/data_provider/data_factory.py", line 67, in data_provider
    data_set = Data(
               ^^^^^
  File "/home/s2/jinmyeongchoi/nhits-tsl/data_provider/data_loader.py", line 235, in __init__
    self.__read_data__()
  File "/home/s2/jinmyeongchoi/nhits-tsl/data_provider/data_loader.py", line 246, in __read_data__
    cols.remove(self.target)
ValueError: list.remove(x): x not in list
Using GPU
Args in experiment:
[1mBasic Config[0m
  Task Name:          long_term_forecast  Is Training:        1                   
  Model ID:           NHiTS               Model:              NHiTS               

[1mData Loader[0m
  Data:               custom              Root Path:          /shared/s2/lab01/timeSeries/forecasting/base/exchange_rate/
  Data Path:          exchange_rate.csv   Features:           S                   
  Target:             OT                  Freq:               h                   
  Checkpoints:        ./checkpoints/      

[1mForecasting Task[0m
  Seq Len:            960                 Label Len:          0                   
  Pred Len:           192                 Seasonal Patterns:  Monthly             
  Inverse:            0                   

[1mModel Parameters[0m
  Top k:              5                   Num Kernels:        6                   
  Enc In:             7                   Dec In:             7                   
  C Out:              7                   d model:            512                 
  n heads:            8                   e layers:           2                   
  d layers:           1                   d FF:               2048                
  Moving Avg:         25                  Factor:             1                   
  Distil:             1                   Dropout:            0.1                 
  Embed:              timeF               Activation:         ReLU                

[1mRun Parameters[0m
  Num Workers:        10                  Itr:                1                   
  Train Epochs:       20                  Batch Size:         256                 
  Patience:           3                   Learning Rate:      0.001               
  Des:                test                Loss:               MAE                 
  Lradj:              type1               Use Amp:            0                   

[1mGPU[0m
  Use GPU:            1                   GPU:                0                   
  Use Multi GPU:      0                   Devices:            0,1,2,3             

[1mDe-stationary Projector Params[0m
  P Hidden Dims:      128, 128            P Hidden Layers:    2                   

Use GPU: cuda:0
>>>>>>>start training : long_term_forecast_NHiTS_NHiTS_custom_ftS_sl960_ll0_pl192_dm512_nh8_el2_dl1_df2048_expand2_dc4_fc1_ebtimeF_dtTrue_test_0>>>>>>>>>>>>>>>>>>>>>>>>>>
Traceback (most recent call last):
  File "/home/s2/jinmyeongchoi/nhits-tsl/run.py", line 234, in <module>
    exp.train(setting)
  File "/home/s2/jinmyeongchoi/nhits-tsl/exp/exp_long_term_forecasting.py", line 77, in train
    train_data, train_loader = self._get_data(flag='train')
                               ^^^^^^^^^^^^^^^^^^^^^^^^^^^^
  File "/home/s2/jinmyeongchoi/nhits-tsl/exp/exp_long_term_forecasting.py", line 30, in _get_data
    data_set, data_loader = data_provider(self.args, flag)
                            ^^^^^^^^^^^^^^^^^^^^^^^^^^^^^^
  File "/home/s2/jinmyeongchoi/nhits-tsl/data_provider/data_factory.py", line 67, in data_provider
    data_set = Data(
               ^^^^^
  File "/home/s2/jinmyeongchoi/nhits-tsl/data_provider/data_loader.py", line 235, in __init__
    self.__read_data__()
  File "/home/s2/jinmyeongchoi/nhits-tsl/data_provider/data_loader.py", line 246, in __read_data__
    cols.remove(self.target)
ValueError: list.remove(x): x not in list
Using GPU
Args in experiment:
[1mBasic Config[0m
  Task Name:          long_term_forecast  Is Training:        1                   
  Model ID:           NHiTS               Model:              NHiTS               

[1mData Loader[0m
  Data:               custom              Root Path:          /shared/s2/lab01/timeSeries/forecasting/base/exchange_rate/
  Data Path:          exchange_rate.csv   Features:           S                   
  Target:             OT                  Freq:               h                   
  Checkpoints:        ./checkpoints/      

[1mForecasting Task[0m
  Seq Len:            1680                Label Len:          0                   
  Pred Len:           336                 Seasonal Patterns:  Monthly             
  Inverse:            0                   

[1mModel Parameters[0m
  Top k:              5                   Num Kernels:        6                   
  Enc In:             7                   Dec In:             7                   
  C Out:              7                   d model:            512                 
  n heads:            8                   e layers:           2                   
  d layers:           1                   d FF:               2048                
  Moving Avg:         25                  Factor:             1                   
  Distil:             1                   Dropout:            0.1                 
  Embed:              timeF               Activation:         ReLU                

[1mRun Parameters[0m
  Num Workers:        10                  Itr:                1                   
  Train Epochs:       20                  Batch Size:         256                 
  Patience:           3                   Learning Rate:      0.001               
  Des:                test                Loss:               MAE                 
  Lradj:              type1               Use Amp:            0                   

[1mGPU[0m
  Use GPU:            1                   GPU:                0                   
  Use Multi GPU:      0                   Devices:            0,1,2,3             

[1mDe-stationary Projector Params[0m
  P Hidden Dims:      128, 128            P Hidden Layers:    2                   

Use GPU: cuda:0
>>>>>>>start training : long_term_forecast_NHiTS_NHiTS_custom_ftS_sl1680_ll0_pl336_dm512_nh8_el2_dl1_df2048_expand2_dc4_fc1_ebtimeF_dtTrue_test_0>>>>>>>>>>>>>>>>>>>>>>>>>>
Traceback (most recent call last):
  File "/home/s2/jinmyeongchoi/nhits-tsl/run.py", line 234, in <module>
    exp.train(setting)
  File "/home/s2/jinmyeongchoi/nhits-tsl/exp/exp_long_term_forecasting.py", line 77, in train
    train_data, train_loader = self._get_data(flag='train')
                               ^^^^^^^^^^^^^^^^^^^^^^^^^^^^
  File "/home/s2/jinmyeongchoi/nhits-tsl/exp/exp_long_term_forecasting.py", line 30, in _get_data
    data_set, data_loader = data_provider(self.args, flag)
                            ^^^^^^^^^^^^^^^^^^^^^^^^^^^^^^
  File "/home/s2/jinmyeongchoi/nhits-tsl/data_provider/data_factory.py", line 67, in data_provider
    data_set = Data(
               ^^^^^
  File "/home/s2/jinmyeongchoi/nhits-tsl/data_provider/data_loader.py", line 235, in __init__
    self.__read_data__()
  File "/home/s2/jinmyeongchoi/nhits-tsl/data_provider/data_loader.py", line 246, in __read_data__
    cols.remove(self.target)
ValueError: list.remove(x): x not in list
Using GPU
Args in experiment:
[1mBasic Config[0m
  Task Name:          long_term_forecast  Is Training:        1                   
  Model ID:           NHiTS               Model:              NHiTS               

[1mData Loader[0m
  Data:               custom              Root Path:          /shared/s2/lab01/timeSeries/forecasting/base/exchange_rate/
  Data Path:          exchange_rate.csv   Features:           S                   
  Target:             OT                  Freq:               h                   
  Checkpoints:        ./checkpoints/      

[1mForecasting Task[0m
  Seq Len:            3600                Label Len:          0                   
  Pred Len:           720                 Seasonal Patterns:  Monthly             
  Inverse:            0                   

[1mModel Parameters[0m
  Top k:              5                   Num Kernels:        6                   
  Enc In:             7                   Dec In:             7                   
  C Out:              7                   d model:            512                 
  n heads:            8                   e layers:           2                   
  d layers:           1                   d FF:               2048                
  Moving Avg:         25                  Factor:             1                   
  Distil:             1                   Dropout:            0.1                 
  Embed:              timeF               Activation:         ReLU                

[1mRun Parameters[0m
  Num Workers:        10                  Itr:                1                   
  Train Epochs:       20                  Batch Size:         256                 
  Patience:           3                   Learning Rate:      0.001               
  Des:                test                Loss:               MAE                 
  Lradj:              type1               Use Amp:            0                   

[1mGPU[0m
  Use GPU:            1                   GPU:                0                   
  Use Multi GPU:      0                   Devices:            0,1,2,3             

[1mDe-stationary Projector Params[0m
  P Hidden Dims:      128, 128            P Hidden Layers:    2                   

Use GPU: cuda:0
>>>>>>>start training : long_term_forecast_NHiTS_NHiTS_custom_ftS_sl3600_ll0_pl720_dm512_nh8_el2_dl1_df2048_expand2_dc4_fc1_ebtimeF_dtTrue_test_0>>>>>>>>>>>>>>>>>>>>>>>>>>
Traceback (most recent call last):
  File "/home/s2/jinmyeongchoi/nhits-tsl/run.py", line 234, in <module>
    exp.train(setting)
  File "/home/s2/jinmyeongchoi/nhits-tsl/exp/exp_long_term_forecasting.py", line 77, in train
    train_data, train_loader = self._get_data(flag='train')
                               ^^^^^^^^^^^^^^^^^^^^^^^^^^^^
  File "/home/s2/jinmyeongchoi/nhits-tsl/exp/exp_long_term_forecasting.py", line 30, in _get_data
    data_set, data_loader = data_provider(self.args, flag)
                            ^^^^^^^^^^^^^^^^^^^^^^^^^^^^^^
  File "/home/s2/jinmyeongchoi/nhits-tsl/data_provider/data_factory.py", line 67, in data_provider
    data_set = Data(
               ^^^^^
  File "/home/s2/jinmyeongchoi/nhits-tsl/data_provider/data_loader.py", line 235, in __init__
    self.__read_data__()
  File "/home/s2/jinmyeongchoi/nhits-tsl/data_provider/data_loader.py", line 246, in __read_data__
    cols.remove(self.target)
ValueError: list.remove(x): x not in list
