Traceback (most recent call last):
  File "/home/s2/jinmyeongchoi/nhits-tsl/run.py", line 5, in <module>
    from exp.exp_long_term_forecasting import Exp_Long_Term_Forecast
  File "/home/s2/jinmyeongchoi/nhits-tsl/exp/exp_long_term_forecasting.py", line 2, in <module>
    from exp.exp_basic import Exp_Basic
  File "/home/s2/jinmyeongchoi/nhits-tsl/exp/exp_basic.py", line 3, in <module>
    from models import Autoformer, Transformer, TimesNet, Nonstationary_Transformer, DLinear, FEDformer, \
  File "/home/s2/jinmyeongchoi/nhits-tsl/models/Transformer.py", line 5, in <module>
    from layers.SelfAttention_Family import FullAttention, AttentionLayer
  File "/home/s2/jinmyeongchoi/nhits-tsl/layers/SelfAttention_Family.py", line 6, in <module>
    from reformer_pytorch import LSHSelfAttention
ModuleNotFoundError: No module named 'reformer_pytorch'
Traceback (most recent call last):
  File "/home/s2/jinmyeongchoi/nhits-tsl/run.py", line 5, in <module>
    from exp.exp_long_term_forecasting import Exp_Long_Term_Forecast
  File "/home/s2/jinmyeongchoi/nhits-tsl/exp/exp_long_term_forecasting.py", line 2, in <module>
    from exp.exp_basic import Exp_Basic
  File "/home/s2/jinmyeongchoi/nhits-tsl/exp/exp_basic.py", line 3, in <module>
    from models import Autoformer, Transformer, TimesNet, Nonstationary_Transformer, DLinear, FEDformer, \
  File "/home/s2/jinmyeongchoi/nhits-tsl/models/Transformer.py", line 5, in <module>
    from layers.SelfAttention_Family import FullAttention, AttentionLayer
  File "/home/s2/jinmyeongchoi/nhits-tsl/layers/SelfAttention_Family.py", line 6, in <module>
    from reformer_pytorch import LSHSelfAttention
ModuleNotFoundError: No module named 'reformer_pytorch'
Traceback (most recent call last):
  File "/home/s2/jinmyeongchoi/nhits-tsl/run.py", line 5, in <module>
    from exp.exp_long_term_forecasting import Exp_Long_Term_Forecast
  File "/home/s2/jinmyeongchoi/nhits-tsl/exp/exp_long_term_forecasting.py", line 2, in <module>
    from exp.exp_basic import Exp_Basic
  File "/home/s2/jinmyeongchoi/nhits-tsl/exp/exp_basic.py", line 3, in <module>
    from models import Autoformer, Transformer, TimesNet, Nonstationary_Transformer, DLinear, FEDformer, \
  File "/home/s2/jinmyeongchoi/nhits-tsl/models/Transformer.py", line 5, in <module>
    from layers.SelfAttention_Family import FullAttention, AttentionLayer
  File "/home/s2/jinmyeongchoi/nhits-tsl/layers/SelfAttention_Family.py", line 6, in <module>
    from reformer_pytorch import LSHSelfAttention
ModuleNotFoundError: No module named 'reformer_pytorch'
Traceback (most recent call last):
  File "/home/s2/jinmyeongchoi/nhits-tsl/run.py", line 5, in <module>
    from exp.exp_long_term_forecasting import Exp_Long_Term_Forecast
  File "/home/s2/jinmyeongchoi/nhits-tsl/exp/exp_long_term_forecasting.py", line 2, in <module>
    from exp.exp_basic import Exp_Basic
  File "/home/s2/jinmyeongchoi/nhits-tsl/exp/exp_basic.py", line 3, in <module>
    from models import Autoformer, Transformer, TimesNet, Nonstationary_Transformer, DLinear, FEDformer, \
  File "/home/s2/jinmyeongchoi/nhits-tsl/models/Transformer.py", line 5, in <module>
    from layers.SelfAttention_Family import FullAttention, AttentionLayer
  File "/home/s2/jinmyeongchoi/nhits-tsl/layers/SelfAttention_Family.py", line 6, in <module>
    from reformer_pytorch import LSHSelfAttention
ModuleNotFoundError: No module named 'reformer_pytorch'
